0 info it worked if it ends with ok
1 verbose cli [ '/usr/local/bin/node',
1 verbose cli   '/usr/local/bin/npm',
1 verbose cli   'run',
1 verbose cli   'webpack:dev' ]
2 info using npm@3.9.5
3 info using node@v6.2.2
4 verbose run-script [ 'prewebpack:dev', 'webpack:dev', 'postwebpack:dev' ]
5 info lifecycle BigPrimeNumbersDotCom.github.io@1.0.0~prewebpack:dev: BigPrimeNumbersDotCom.github.io@1.0.0
6 silly lifecycle BigPrimeNumbersDotCom.github.io@1.0.0~prewebpack:dev: no script for prewebpack:dev, continuing
7 info lifecycle BigPrimeNumbersDotCom.github.io@1.0.0~webpack:dev: BigPrimeNumbersDotCom.github.io@1.0.0
8 verbose lifecycle BigPrimeNumbersDotCom.github.io@1.0.0~webpack:dev: unsafe-perm in lifecycle true
9 verbose lifecycle BigPrimeNumbersDotCom.github.io@1.0.0~webpack:dev: PATH: /usr/local/lib/node_modules/npm/bin/node-gyp-bin:/Users/itami/Development/static-page/BigPrimeNumbersDotCom.github.io/node_modules/.bin:/usr/local/bin:/usr/local/bin:/usr/bin:/bin:/usr/sbin:/sbin
10 verbose lifecycle BigPrimeNumbersDotCom.github.io@1.0.0~webpack:dev: CWD: /Users/itami/Development/static-page/BigPrimeNumbersDotCom.github.io
11 silly lifecycle BigPrimeNumbersDotCom.github.io@1.0.0~webpack:dev: Args: [ '-c', 'webpack -w' ]
12 silly lifecycle BigPrimeNumbersDotCom.github.io@1.0.0~webpack:dev: Returned: code: 1  signal: null
13 info lifecycle BigPrimeNumbersDotCom.github.io@1.0.0~webpack:dev: Failed to exec webpack:dev script
14 verbose stack Error: BigPrimeNumbersDotCom.github.io@1.0.0 webpack:dev: `webpack -w`
14 verbose stack Exit status 1
14 verbose stack     at EventEmitter.<anonymous> (/usr/local/lib/node_modules/npm/lib/utils/lifecycle.js:245:16)
14 verbose stack     at emitTwo (events.js:106:13)
14 verbose stack     at EventEmitter.emit (events.js:191:7)
14 verbose stack     at ChildProcess.<anonymous> (/usr/local/lib/node_modules/npm/lib/utils/spawn.js:24:14)
14 verbose stack     at emitTwo (events.js:106:13)
14 verbose stack     at ChildProcess.emit (events.js:191:7)
14 verbose stack     at maybeClose (internal/child_process.js:852:16)
14 verbose stack     at Process.ChildProcess._handle.onexit (internal/child_process.js:215:5)
15 verbose pkgid BigPrimeNumbersDotCom.github.io@1.0.0
16 verbose cwd /Users/itami/Development/static-page/BigPrimeNumbersDotCom.github.io
17 error Darwin 15.3.0
18 error argv "/usr/local/bin/node" "/usr/local/bin/npm" "run" "webpack:dev"
19 error node v6.2.2
20 error npm  v3.9.5
21 error code ELIFECYCLE
22 error BigPrimeNumbersDotCom.github.io@1.0.0 webpack:dev: `webpack -w`
22 error Exit status 1
23 error Failed at the BigPrimeNumbersDotCom.github.io@1.0.0 webpack:dev script 'webpack -w'.
23 error Make sure you have the latest version of node.js and npm installed.
23 error If you do, this is most likely a problem with the BigPrimeNumbersDotCom.github.io package,
23 error not with npm itself.
23 error Tell the author that this fails on your system:
23 error     webpack -w
23 error You can get information on how to open an issue for this project with:
23 error     npm bugs BigPrimeNumbersDotCom.github.io
23 error Or if that isn't available, you can get their info via:
23 error     npm owner ls BigPrimeNumbersDotCom.github.io
23 error There is likely additional logging output above.
24 verbose exit [ 1, true ]
